<?xml version="1.0" encoding="UTF-8"?>
<testsuite xmlns:xsi="http://www.w3.org/2001/XMLSchema-instance" xsi:noNamespaceSchemaLocation="https://maven.apache.org/surefire/maven-surefire-plugin/xsd/surefire-test-report.xsd" name="com.afterpay.app.appium.tests.ANZ.CreateAccountTests.FieldValidationErrorTests" time="35.043" tests="2" errors="0" skipped="0" failures="0">
  <properties>
[...]
</properties>
  <testcase name="verifyInvalidEmailAndMobileErrorMessages{ANZ_CreateAccountData}[1]" classname="com.afterpay.app.appium.tests.ANZ.CreateAccountTests.FieldValidationErrorTests" time="16.489"/>
  <testcase name="verifyInvalidEmailAndMobileErrorMessages{ANZ_CreateAccountData}[2]" classname="com.afterpay.app.appium.tests.ANZ.CreateAccountTests.FieldValidationErrorTests" time="18.537"/>
</testsuite>